<?xml version="1.0" encoding="UTF-8"?>
<coverage generated="1633195574455" clover="3.2.0">
  <project timestamp="1633195574455" name="All files">
    <metrics statements="60" coveredstatements="53" conditionals="15" coveredconditionals="9" methods="9" coveredmethods="8" elements="84" coveredelements="70" complexity="0" loc="60" ncloc="60" packages="5" files="5" classes="5"/>
    <package name="dojo-jest">
      <metrics statements="9" coveredstatements="9" conditionals="0" coveredconditionals="0" methods="0" coveredmethods="0"/>
      <file name="app.js" path="/home/juan/Desktop/Empresariales/dojo-jest/dojo-jest/app.js">
        <metrics statements="9" coveredstatements="9" conditionals="0" coveredconditionals="0" methods="0" coveredmethods="0"/>
        <line num="1" count="1" type="stmt"/>
        <line num="2" count="1" type="stmt"/>
        <line num="3" count="1" type="stmt"/>
        <line num="6" count="1" type="stmt"/>
        <line num="9" count="1" type="stmt"/>
        <line num="12" count="1" type="stmt"/>
        <line num="15" count="1" type="stmt"/>
        <line num="18" count="1" type="stmt"/>
        <line num="26" count="1" type="stmt"/>
      </file>
    </package>
    <package name="dojo-jest.controllers">
      <metrics statements="15" coveredstatements="9" conditionals="5" coveredconditionals="1" methods="2" coveredmethods="1"/>
      <file name="code-breaker.js" path="/home/juan/Desktop/Empresariales/dojo-jest/dojo-jest/controllers/code-breaker.js">
        <metrics statements="15" coveredstatements="9" conditionals="5" coveredconditionals="1" methods="2" coveredmethods="1"/>
        <line num="1" count="1" type="stmt"/>
        <line num="3" count="1" type="stmt"/>
        <line num="4" count="1" type="stmt"/>
        <line num="6" count="1" type="cond" truecount="0" falsecount="2"/>
        <line num="8" count="4" type="cond" truecount="1" falsecount="0"/>
        <line num="10" count="4" type="stmt"/>
        <line num="12" count="4" type="stmt"/>
        <line num="19" count="1" type="cond" truecount="0" falsecount="2"/>
        <line num="21" count="0" type="stmt"/>
        <line num="22" count="0" type="stmt"/>
        <line num="24" count="0" type="stmt"/>
        <line num="26" count="0" type="stmt"/>
        <line num="27" count="0" type="stmt"/>
        <line num="29" count="0" type="stmt"/>
        <line num="35" count="1" type="stmt"/>
      </file>
    </package>
    <package name="dojo-jest.helpers">
      <metrics statements="22" coveredstatements="22" conditionals="6" coveredconditionals="6" methods="6" coveredmethods="6"/>
      <file name="utils-code-breaker.js" path="/home/juan/Desktop/Empresariales/dojo-jest/dojo-jest/helpers/utils-code-breaker.js">
        <metrics statements="22" coveredstatements="22" conditionals="6" coveredconditionals="6" methods="6" coveredmethods="6"/>
        <line num="1" count="2" type="stmt"/>
        <line num="3" count="2" type="stmt"/>
        <line num="4" count="2" type="stmt"/>
        <line num="7" count="2" type="stmt"/>
        <line num="8" count="2" type="stmt"/>
        <line num="12" count="13" type="stmt"/>
        <line num="13" count="13" type="stmt"/>
        <line num="14" count="13" type="cond" truecount="2" falsecount="0"/>
        <line num="15" count="5" type="stmt"/>
        <line num="17" count="13" type="stmt"/>
        <line num="21" count="13" type="stmt"/>
        <line num="22" count="13" type="stmt"/>
        <line num="23" count="52" type="cond" truecount="2" falsecount="0"/>
        <line num="24" count="26" type="stmt"/>
        <line num="27" count="13" type="stmt"/>
        <line num="31" count="5" type="stmt"/>
        <line num="32" count="5" type="stmt"/>
        <line num="33" count="80" type="stmt"/>
        <line num="34" count="20" type="cond" truecount="2" falsecount="0"/>
        <line num="35" count="10" type="stmt"/>
        <line num="38" count="5" type="stmt"/>
        <line num="41" count="2" type="stmt"/>
      </file>
    </package>
    <package name="dojo-jest.middlewares">
      <metrics statements="7" coveredstatements="6" conditionals="4" coveredconditionals="2" methods="1" coveredmethods="1"/>
      <file name="validate-number-digits.js" path="/home/juan/Desktop/Empresariales/dojo-jest/dojo-jest/middlewares/validate-number-digits.js">
        <metrics statements="7" coveredstatements="6" conditionals="4" coveredconditionals="2" methods="1" coveredmethods="1"/>
        <line num="1" count="1" type="stmt"/>
        <line num="3" count="1" type="cond" truecount="0" falsecount="1"/>
        <line num="5" count="4" type="cond" truecount="1" falsecount="0"/>
        <line num="7" count="4" type="cond" truecount="1" falsecount="1"/>
        <line num="8" count="0" type="stmt"/>
        <line num="13" count="4" type="stmt"/>
        <line num="16" count="1" type="stmt"/>
      </file>
    </package>
    <package name="dojo-jest.routes">
      <metrics statements="7" coveredstatements="7" conditionals="0" coveredconditionals="0" methods="0" coveredmethods="0"/>
      <file name="code-breaker.js" path="/home/juan/Desktop/Empresariales/dojo-jest/dojo-jest/routes/code-breaker.js">
        <metrics statements="7" coveredstatements="7" conditionals="0" coveredconditionals="0" methods="0" coveredmethods="0"/>
        <line num="2" count="1" type="stmt"/>
        <line num="4" count="1" type="stmt"/>
        <line num="5" count="1" type="stmt"/>
        <line num="7" count="1" type="stmt"/>
        <line num="9" count="1" type="stmt"/>
        <line num="11" count="1" type="stmt"/>
        <line num="13" count="1" type="stmt"/>
      </file>
    </package>
  </project>
</coverage>
