{"/home/juan/Desktop/Empresariales/pruebas/code-breaker/code-breaker.js": {"path":"/home/juan/Desktop/Empresariales/pruebas/code-breaker/code-breaker.js","statementMap":{"0":{"start":{"line":1,"column":15},"end":{"line":1,"column":21}},"1":{"start":{"line":2,"column":18},"end":{"line":2,"column":34}},"2":{"start":{"line":6,"column":22},"end":{"line":6,"column":38}},"3":{"start":{"line":7,"column":4},"end":{"line":7,"column":41}},"4":{"start":{"line":8,"column":4},"end":{"line":10,"column":5}},"5":{"start":{"line":9,"column":8},"end":{"line":9,"column":43}},"6":{"start":{"line":11,"column":4},"end":{"line":11,"column":17}},"7":{"start":{"line":15,"column":23},"end":{"line":15,"column":25}},"8":{"start":{"line":16,"column":4},"end":{"line":20,"column":7}},"9":{"start":{"line":17,"column":8},"end":{"line":19,"column":9}},"10":{"start":{"line":18,"column":12},"end":{"line":18,"column":46}},"11":{"start":{"line":21,"column":4},"end":{"line":21,"column":23}},"12":{"start":{"line":25,"column":23},"end":{"line":25,"column":25}},"13":{"start":{"line":26,"column":4},"end":{"line":31,"column":6}},"14":{"start":{"line":27,"column":20},"end":{"line":27,"column":58}},"15":{"start":{"line":27,"column":44},"end":{"line":27,"column":50}},"16":{"start":{"line":28,"column":8},"end":{"line":30,"column":9}},"17":{"start":{"line":29,"column":12},"end":{"line":29,"column":45}},"18":{"start":{"line":32,"column":4},"end":{"line":32,"column":23}},"19":{"start":{"line":35,"column":0},"end":{"line":35,"column":43}}},"fnMap":{"0":{"name":"verifyNumber","decl":{"start":{"line":4,"column":9},"end":{"line":4,"column":21}},"loc":{"start":{"line":4,"column":30},"end":{"line":12,"column":1}},"line":4},"1":{"name":"matchInPosition","decl":{"start":{"line":14,"column":9},"end":{"line":14,"column":24}},"loc":{"start":{"line":14,"column":38},"end":{"line":22,"column":1}},"line":14},"2":{"name":"(anonymous_2)","decl":{"start":{"line":16,"column":20},"end":{"line":16,"column":21}},"loc":{"start":{"line":16,"column":34},"end":{"line":20,"column":5}},"line":16},"3":{"name":"matchInValue","decl":{"start":{"line":24,"column":9},"end":{"line":24,"column":21}},"loc":{"start":{"line":24,"column":34},"end":{"line":33,"column":1}},"line":24},"4":{"name":"(anonymous_4)","decl":{"start":{"line":26,"column":24},"end":{"line":26,"column":25}},"loc":{"start":{"line":26,"column":30},"end":{"line":31,"column":5}},"line":26},"5":{"name":"(anonymous_5)","decl":{"start":{"line":27,"column":39},"end":{"line":27,"column":40}},"loc":{"start":{"line":27,"column":44},"end":{"line":27,"column":50}},"line":27}},"branchMap":{"0":{"loc":{"start":{"line":8,"column":4},"end":{"line":10,"column":5}},"type":"if","locations":[{"start":{"line":8,"column":4},"end":{"line":10,"column":5}},{"start":{"line":8,"column":4},"end":{"line":10,"column":5}}],"line":8},"1":{"loc":{"start":{"line":17,"column":8},"end":{"line":19,"column":9}},"type":"if","locations":[{"start":{"line":17,"column":8},"end":{"line":19,"column":9}},{"start":{"line":17,"column":8},"end":{"line":19,"column":9}}],"line":17},"2":{"loc":{"start":{"line":28,"column":8},"end":{"line":30,"column":9}},"type":"if","locations":[{"start":{"line":28,"column":8},"end":{"line":30,"column":9}},{"start":{"line":28,"column":8},"end":{"line":30,"column":9}}],"line":28}},"s":{"0":1,"1":1,"2":9,"3":9,"4":9,"5":5,"6":9,"7":9,"8":9,"9":36,"10":10,"11":9,"12":5,"13":5,"14":20,"15":80,"16":20,"17":10,"18":5,"19":1},"f":{"0":9,"1":9,"2":36,"3":5,"4":20,"5":80},"b":{"0":[5,4],"1":[10,26],"2":[10,10]},"_coverageSchema":"1a1c01bbd47fc00a2c39e90264f33305004495a9","hash":"e05ca95d592404eb270c221e6508189f43232a06"}
}
