{"/home/juan/Desktop/Empresariales/dojo-jest/dojo-jest/app.js": {"path":"/home/juan/Desktop/Empresariales/dojo-jest/dojo-jest/app.js","statementMap":{"0":{"start":{"line":1,"column":16},"end":{"line":1,"column":34}},"1":{"start":{"line":2,"column":0},"end":{"line":2,"column":27}},"2":{"start":{"line":3,"column":13},"end":{"line":3,"column":28}},"3":{"start":{"line":6,"column":12},"end":{"line":6,"column":21}},"4":{"start":{"line":9,"column":0},"end":{"line":9,"column":15}},"5":{"start":{"line":12,"column":0},"end":{"line":12,"column":36}},"6":{"start":{"line":15,"column":0},"end":{"line":15,"column":26}},"7":{"start":{"line":18,"column":0},"end":{"line":18,"column":66}},"8":{"start":{"line":26,"column":0},"end":{"line":26,"column":21}}},"fnMap":{},"branchMap":{},"s":{"0":1,"1":1,"2":1,"3":1,"4":1,"5":1,"6":1,"7":1,"8":1},"f":{},"b":{},"_coverageSchema":"1a1c01bbd47fc00a2c39e90264f33305004495a9","hash":"24f3b6f1c9bd8b0edca43de0a51d39d13612b7c4"}
,"/home/juan/Desktop/Empresariales/dojo-jest/dojo-jest/controllers/code-breaker.js": {"path":"/home/juan/Desktop/Empresariales/dojo-jest/dojo-jest/controllers/code-breaker.js","statementMap":{"0":{"start":{"line":1,"column":30},"end":{"line":1,"column":48}},"1":{"start":{"line":3,"column":25},"end":{"line":3,"column":65}},"2":{"start":{"line":4,"column":11},"end":{"line":4,"column":24}},"3":{"start":{"line":6,"column":23},"end":{"line":16,"column":1}},"4":{"start":{"line":8,"column":32},"end":{"line":8,"column":41}},"5":{"start":{"line":10,"column":19},"end":{"line":10,"column":39}},"6":{"start":{"line":12,"column":4},"end":{"line":15,"column":7}},"7":{"start":{"line":19,"column":20},"end":{"line":33,"column":1}},"8":{"start":{"line":21,"column":25},"end":{"line":21,"column":60}},"9":{"start":{"line":22,"column":31},"end":{"line":22,"column":54}},"10":{"start":{"line":24,"column":17},"end":{"line":24,"column":47}},"11":{"start":{"line":26,"column":15},"end":{"line":26,"column":37}},"12":{"start":{"line":27,"column":4},"end":{"line":27,"column":42}},"13":{"start":{"line":29,"column":4},"end":{"line":32,"column":7}},"14":{"start":{"line":35,"column":0},"end":{"line":38,"column":1}}},"fnMap":{"0":{"name":"(anonymous_0)","decl":{"start":{"line":6,"column":23},"end":{"line":6,"column":24}},"loc":{"start":{"line":6,"column":58},"end":{"line":16,"column":1}},"line":6},"1":{"name":"(anonymous_1)","decl":{"start":{"line":19,"column":20},"end":{"line":19,"column":21}},"loc":{"start":{"line":19,"column":55},"end":{"line":33,"column":1}},"line":19}},"branchMap":{"0":{"loc":{"start":{"line":6,"column":24},"end":{"line":6,"column":37}},"type":"default-arg","locations":[{"start":{"line":6,"column":30},"end":{"line":6,"column":37}}],"line":6},"1":{"loc":{"start":{"line":6,"column":39},"end":{"line":6,"column":53}},"type":"default-arg","locations":[{"start":{"line":6,"column":45},"end":{"line":6,"column":53}}],"line":6},"2":{"loc":{"start":{"line":8,"column":12},"end":{"line":8,"column":27}},"type":"default-arg","locations":[{"start":{"line":8,"column":21},"end":{"line":8,"column":27}}],"line":8},"3":{"loc":{"start":{"line":19,"column":21},"end":{"line":19,"column":34}},"type":"default-arg","locations":[{"start":{"line":19,"column":27},"end":{"line":19,"column":34}}],"line":19},"4":{"loc":{"start":{"line":19,"column":36},"end":{"line":19,"column":50}},"type":"default-arg","locations":[{"start":{"line":19,"column":42},"end":{"line":19,"column":50}}],"line":19}},"s":{"0":1,"1":1,"2":1,"3":1,"4":0,"5":0,"6":0,"7":1,"8":0,"9":0,"10":0,"11":0,"12":0,"13":0,"14":1},"f":{"0":0,"1":0},"b":{"0":[0],"1":[0],"2":[0],"3":[0],"4":[0]},"_coverageSchema":"1a1c01bbd47fc00a2c39e90264f33305004495a9","hash":"44aab70fd4bf860e2d8977e5ea03feed60dfb73f"}
,"/home/juan/Desktop/Empresariales/dojo-jest/dojo-jest/helpers/utils-code-breaker.js": {"path":"/home/juan/Desktop/Empresariales/dojo-jest/dojo-jest/helpers/utils-code-breaker.js","statementMap":{"0":{"start":{"line":1,"column":11},"end":{"line":1,"column":24}},"1":{"start":{"line":3,"column":14},"end":{"line":3,"column":44}},"2":{"start":{"line":4,"column":17},"end":{"line":4,"column":36}},"3":{"start":{"line":7,"column":15},"end":{"line":7,"column":32}},"4":{"start":{"line":8,"column":18},"end":{"line":8,"column":34}},"5":{"start":{"line":12,"column":22},"end":{"line":12,"column":38}},"6":{"start":{"line":13,"column":4},"end":{"line":13,"column":41}},"7":{"start":{"line":14,"column":4},"end":{"line":16,"column":5}},"8":{"start":{"line":15,"column":8},"end":{"line":15,"column":43}},"9":{"start":{"line":17,"column":4},"end":{"line":17,"column":17}},"10":{"start":{"line":21,"column":23},"end":{"line":21,"column":25}},"11":{"start":{"line":22,"column":4},"end":{"line":26,"column":7}},"12":{"start":{"line":23,"column":8},"end":{"line":25,"column":9}},"13":{"start":{"line":24,"column":12},"end":{"line":24,"column":46}},"14":{"start":{"line":27,"column":4},"end":{"line":27,"column":23}},"15":{"start":{"line":31,"column":23},"end":{"line":31,"column":25}},"16":{"start":{"line":32,"column":4},"end":{"line":37,"column":6}},"17":{"start":{"line":33,"column":20},"end":{"line":33,"column":58}},"18":{"start":{"line":33,"column":44},"end":{"line":33,"column":50}},"19":{"start":{"line":34,"column":8},"end":{"line":36,"column":9}},"20":{"start":{"line":35,"column":12},"end":{"line":35,"column":45}},"21":{"start":{"line":38,"column":4},"end":{"line":38,"column":23}},"22":{"start":{"line":41,"column":0},"end":{"line":43,"column":1}}},"fnMap":{"0":{"name":"verifyNumber","decl":{"start":{"line":10,"column":9},"end":{"line":10,"column":21}},"loc":{"start":{"line":10,"column":30},"end":{"line":18,"column":1}},"line":10},"1":{"name":"matchInPosition","decl":{"start":{"line":20,"column":9},"end":{"line":20,"column":24}},"loc":{"start":{"line":20,"column":38},"end":{"line":28,"column":1}},"line":20},"2":{"name":"(anonymous_2)","decl":{"start":{"line":22,"column":20},"end":{"line":22,"column":21}},"loc":{"start":{"line":22,"column":34},"end":{"line":26,"column":5}},"line":22},"3":{"name":"matchInValue","decl":{"start":{"line":30,"column":9},"end":{"line":30,"column":21}},"loc":{"start":{"line":30,"column":34},"end":{"line":39,"column":1}},"line":30},"4":{"name":"(anonymous_4)","decl":{"start":{"line":32,"column":24},"end":{"line":32,"column":25}},"loc":{"start":{"line":32,"column":30},"end":{"line":37,"column":5}},"line":32},"5":{"name":"(anonymous_5)","decl":{"start":{"line":33,"column":39},"end":{"line":33,"column":40}},"loc":{"start":{"line":33,"column":44},"end":{"line":33,"column":50}},"line":33}},"branchMap":{"0":{"loc":{"start":{"line":14,"column":4},"end":{"line":16,"column":5}},"type":"if","locations":[{"start":{"line":14,"column":4},"end":{"line":16,"column":5}},{"start":{"line":14,"column":4},"end":{"line":16,"column":5}}],"line":14},"1":{"loc":{"start":{"line":23,"column":8},"end":{"line":25,"column":9}},"type":"if","locations":[{"start":{"line":23,"column":8},"end":{"line":25,"column":9}},{"start":{"line":23,"column":8},"end":{"line":25,"column":9}}],"line":23},"2":{"loc":{"start":{"line":34,"column":8},"end":{"line":36,"column":9}},"type":"if","locations":[{"start":{"line":34,"column":8},"end":{"line":36,"column":9}},{"start":{"line":34,"column":8},"end":{"line":36,"column":9}}],"line":34}},"s":{"0":2,"1":2,"2":2,"3":2,"4":2,"5":9,"6":9,"7":9,"8":5,"9":9,"10":9,"11":9,"12":36,"13":10,"14":9,"15":5,"16":5,"17":20,"18":80,"19":20,"20":10,"21":5,"22":2},"f":{"0":9,"1":9,"2":36,"3":5,"4":20,"5":80},"b":{"0":[5,4],"1":[10,26],"2":[10,10]},"_coverageSchema":"1a1c01bbd47fc00a2c39e90264f33305004495a9","hash":"fb8a31d9ad3130af5c441aab28e4fc52476f88ca"}
,"/home/juan/Desktop/Empresariales/dojo-jest/dojo-jest/middlewares/validate-number-digits.js": {"path":"/home/juan/Desktop/Empresariales/dojo-jest/dojo-jest/middlewares/validate-number-digits.js","statementMap":{"0":{"start":{"line":1,"column":21},"end":{"line":1,"column":39}},"1":{"start":{"line":3,"column":29},"end":{"line":15,"column":1}},"2":{"start":{"line":5,"column":32},"end":{"line":5,"column":41}},"3":{"start":{"line":7,"column":4},"end":{"line":7,"column":30}},"4":{"start":{"line":8,"column":4},"end":{"line":12,"column":5}},"5":{"start":{"line":9,"column":8},"end":{"line":11,"column":11}},"6":{"start":{"line":14,"column":4},"end":{"line":14,"column":11}},"7":{"start":{"line":17,"column":0},"end":{"line":19,"column":1}}},"fnMap":{"0":{"name":"(anonymous_0)","decl":{"start":{"line":3,"column":29},"end":{"line":3,"column":30}},"loc":{"start":{"line":3,"column":61},"end":{"line":15,"column":1}},"line":3}},"branchMap":{"0":{"loc":{"start":{"line":3,"column":35},"end":{"line":3,"column":49}},"type":"default-arg","locations":[{"start":{"line":3,"column":41},"end":{"line":3,"column":49}}],"line":3},"1":{"loc":{"start":{"line":5,"column":12},"end":{"line":5,"column":27}},"type":"default-arg","locations":[{"start":{"line":5,"column":21},"end":{"line":5,"column":27}}],"line":5},"2":{"loc":{"start":{"line":8,"column":4},"end":{"line":12,"column":5}},"type":"if","locations":[{"start":{"line":8,"column":4},"end":{"line":12,"column":5}},{"start":{"line":8,"column":4},"end":{"line":12,"column":5}}],"line":8}},"s":{"0":1,"1":1,"2":0,"3":0,"4":0,"5":0,"6":0,"7":1},"f":{"0":0},"b":{"0":[0],"1":[0],"2":[0,0]},"_coverageSchema":"1a1c01bbd47fc00a2c39e90264f33305004495a9","hash":"b4ad4bb9ca32b80313ea5eff1ce36c6ec2cdc678"}
,"/home/juan/Desktop/Empresariales/dojo-jest/dojo-jest/routes/code-breaker.js": {"path":"/home/juan/Desktop/Empresariales/dojo-jest/dojo-jest/routes/code-breaker.js","statementMap":{"0":{"start":{"line":2,"column":19},"end":{"line":2,"column":37}},"1":{"start":{"line":4,"column":40},"end":{"line":4,"column":78}},"2":{"start":{"line":5,"column":33},"end":{"line":5,"column":81}},"3":{"start":{"line":7,"column":15},"end":{"line":7,"column":23}},"4":{"start":{"line":9,"column":0},"end":{"line":9,"column":55}},"5":{"start":{"line":11,"column":0},"end":{"line":11,"column":31}},"6":{"start":{"line":13,"column":0},"end":{"line":13,"column":24}}},"fnMap":{},"branchMap":{},"s":{"0":1,"1":1,"2":1,"3":1,"4":1,"5":1,"6":1},"f":{},"b":{},"_coverageSchema":"1a1c01bbd47fc00a2c39e90264f33305004495a9","hash":"8b0411b8101f4ee994afc0bca6d77d8eeeaa86a3"}
}
