TN:
SF:app.js
FNF:0
FNH:0
DA:1,1
DA:2,1
DA:3,1
DA:6,1
DA:9,1
DA:12,1
DA:15,1
DA:18,1
DA:26,1
LF:9
LH:9
BRF:0
BRH:0
end_of_record
TN:
SF:controllers/code-breaker.js
FN:6,(anonymous_0)
FN:19,(anonymous_1)
FNF:2
FNH:0
FNDA:0,(anonymous_0)
FNDA:0,(anonymous_1)
DA:1,1
DA:3,1
DA:4,1
DA:6,1
DA:8,0
DA:10,0
DA:12,0
DA:19,1
DA:21,0
DA:22,0
DA:24,0
DA:26,0
DA:27,0
DA:29,0
DA:35,1
LF:15
LH:6
BRDA:6,0,0,0
BRDA:6,1,0,0
BRDA:8,2,0,0
BRDA:19,3,0,0
BRDA:19,4,0,0
BRF:5
BRH:0
end_of_record
TN:
SF:helpers/utils-code-breaker.js
FN:10,verifyNumber
FN:20,matchInPosition
FN:22,(anonymous_2)
FN:30,matchInValue
FN:32,(anonymous_4)
FN:33,(anonymous_5)
FNF:6
FNH:6
FNDA:9,verifyNumber
FNDA:9,matchInPosition
FNDA:36,(anonymous_2)
FNDA:5,matchInValue
FNDA:20,(anonymous_4)
FNDA:80,(anonymous_5)
DA:1,2
DA:3,2
DA:4,2
DA:7,2
DA:8,2
DA:12,9
DA:13,9
DA:14,9
DA:15,5
DA:17,9
DA:21,9
DA:22,9
DA:23,36
DA:24,10
DA:27,9
DA:31,5
DA:32,5
DA:33,80
DA:34,20
DA:35,10
DA:38,5
DA:41,2
LF:22
LH:22
BRDA:14,0,0,5
BRDA:14,0,1,4
BRDA:23,1,0,10
BRDA:23,1,1,26
BRDA:34,2,0,10
BRDA:34,2,1,10
BRF:6
BRH:6
end_of_record
TN:
SF:middlewares/validate-number-digits.js
FN:3,(anonymous_0)
FNF:1
FNH:0
FNDA:0,(anonymous_0)
DA:1,1
DA:3,1
DA:5,0
DA:7,0
DA:8,0
DA:9,0
DA:14,0
DA:17,1
LF:8
LH:3
BRDA:3,0,0,0
BRDA:5,1,0,0
BRDA:8,2,0,0
BRDA:8,2,1,0
BRF:4
BRH:0
end_of_record
TN:
SF:routes/code-breaker.js
FNF:0
FNH:0
DA:2,1
DA:4,1
DA:5,1
DA:7,1
DA:9,1
DA:11,1
DA:13,1
LF:7
LH:7
BRF:0
BRH:0
end_of_record
