TN:
SF:helpers\utils-code-breaker.js
FN:4,verifyNumber
FN:14,matchInPosition
FN:16,(anonymous_2)
FN:24,matchInValue
FN:26,(anonymous_4)
FN:27,(anonymous_5)
FNF:6
FNH:6
FNDA:9,verifyNumber
FNDA:9,matchInPosition
FNDA:36,(anonymous_2)
FNDA:5,matchInValue
FNDA:20,(anonymous_4)
FNDA:80,(anonymous_5)
DA:1,1
DA:2,1
DA:6,9
DA:7,9
DA:8,9
DA:9,5
DA:11,9
DA:15,9
DA:16,9
DA:17,36
DA:18,10
DA:21,9
DA:25,5
DA:26,5
DA:27,80
DA:28,20
DA:29,10
DA:32,5
DA:35,1
LF:19
LH:19
BRDA:8,0,0,5
BRDA:8,0,1,4
BRDA:17,1,0,10
BRDA:17,1,1,26
BRDA:28,2,0,10
BRDA:28,2,1,10
BRF:6
BRH:6
end_of_record
